APPLICATION_BINARY_DIR:PATH=M:/nRF54L15/hpf_blinky_test/build_dk
APPLICATION_SOURCE_DIR:PATH=C:/ncs/v3.2.0-preview2/zephyr/share/sysbuild/template
APP_DIR:PATH=m:/nRF54L15/hpf_blinky_test
BOARD_DIR:PATH=C:/ncs/v3.2.0-preview2/zephyr/boards/nordic/nrf54l15dk
BOARD_DIRECTORIES:INTERNAL=C:/ncs/v3.2.0-preview2/zephyr/boards/nordic/nrf54l15dk
BOARD_EXTENSIONS:BOOL=ON
CACHED_BOARD:STRING=nrf54l15dk/nrf54l15/cpuapp
CACHED_SHIELD:STRING=
CACHED_SNIPPET:STRING=
CLI_SB_CONFIG_HPF:INTERNAL=y
CLI_SB_CONFIG_HPF_GPIO:INTERNAL=y
CLI_SB_CONFIG_HPF_GPIO_BACKEND_ICMSG:INTERNAL=y
CLI_SB_CONFIG_PARTITION_MANAGER:INTERNAL=n
FIND_PACKAGE_MESSAGE_DETAILS_Python3:INTERNAL=[C:/Python313/python.exe][cfound components: Interpreter ][v3.13.7(3.10)]
HWM:INTERNAL=v2
HWMv2:INTERNAL=True
WEST:INTERNAL=C:/Python313/python.exe;-m;west
WEST_PYTHON:UNINITIALIZED=C:/Python313/python.exe
ZEPHYR_BASE:PATH=C:/ncs/v3.2.0-preview2/zephyr
Zephyr_DIR:PATH=C:/ncs/v3.2.0-preview2/zephyr/share/zephyr-package/cmake
_Python3_Compiler_REASON_FAILURE:INTERNAL=
_Python3_Development_REASON_FAILURE:INTERNAL=
_Python3_EXECUTABLE:INTERNAL=C:/Python313/python.exe
_Python3_EXECUTABLE_DEBUG:INTERNAL=_Python3_EXECUTABLE_DEBUG-NOTFOUND
_Python3_INTERPRETER_PROPERTIES:INTERNAL=Python;3;13;7;64;<none>;cp313-win_amd64;;C:\Python313\Lib;C:\Python313\Lib;C:\Python313\Lib\site-packages;C:\Python313\Lib\site-packages
_Python3_INTERPRETER_SIGNATURE:INTERNAL=20537deaa1c9eff5ca863a94b55c64d4
_Python3_NumPy_REASON_FAILURE:INTERNAL=
hpf_SNIPPET:UNINITIALIZED=hpf-gpio-icmsg
hpf_blinky_test_SNIPPET:UNINITIALIZED=hpf-gpio-icmsg
sysbuild_toplevel_BINARY_DIR:STATIC=M:/nRF54L15/hpf_blinky_test/build_dk
sysbuild_toplevel_IS_TOP_LEVEL:STATIC=ON
sysbuild_toplevel_SOURCE_DIR:STATIC=C:/ncs/v3.2.0-preview2/zephyr/share/sysbuild
BOARD:STRING=nrf54l15dk/nrf54l15/cpuapp
SYSBUILD_NAME:STRING=hpf_blinky_test
SYSBUILD_MAIN_APP:BOOL=True
